<?xml version="1.0" encoding="UTF-8"?>
<testng-results skipped="0" failed="4" ignored="0" total="8" passed="4">
  <reporter-output>
  </reporter-output>
  <suite name="Default suite" duration-ms="69" started-at="2020-12-19T20:24:20 GMT+07:00" finished-at="2020-12-19T20:24:20 GMT+07:00">
    <groups>
    </groups>
    <test name="Default test" duration-ms="69" started-at="2020-12-19T20:24:20 GMT+07:00" finished-at="2020-12-19T20:24:20 GMT+07:00">
      <class name="online_tusur.unit_online_tusur.StudentTestng">
        <test-method status="FAIL" signature="test4_FullName()[pri:0, instance:online_tusur.unit_online_tusur.StudentTestng@67205a84]" name="test4_FullName" duration-ms="8" started-at="2020-12-19T20:24:20 GMT+07:00" finished-at="2020-12-19T20:24:20 GMT+07:00">
          <exception class="java.lang.Error">
            <message>
              <![CDATA[Unresolved compilation problems: 
Tag cannot be resolved to a type
The method assertTrue(String, boolean) is undefined for the type StudentTestng
]]>
            </message>
            <full-stacktrace>
              <![CDATA[java.lang.Error: Unresolved compilation problems: 
Tag cannot be resolved to a type
The method assertTrue(String, boolean) is undefined for the type StudentTestng

at online_tusur.unit_online_tusur.StudentTestng.test4_FullName(StudentTestng.java:42)
at sun.reflect.NativeMethodAccessorImpl.invoke0(Native Method)
at sun.reflect.NativeMethodAccessorImpl.invoke(NativeMethodAccessorImpl.java:62)
at sun.reflect.DelegatingMethodAccessorImpl.invoke(DelegatingMethodAccessorImpl.java:43)
at java.lang.reflect.Method.invoke(Method.java:498)
at org.testng.internal.MethodInvocationHelper.invokeMethod(MethodInvocationHelper.java:132)
at org.testng.internal.TestInvoker.invokeMethod(TestInvoker.java:599)
at org.testng.internal.TestInvoker.invokeTestMethod(TestInvoker.java:174)
at org.testng.internal.MethodRunner.runInSequence(MethodRunner.java:46)
at org.testng.internal.TestInvoker$MethodInvocationAgent.invoke(TestInvoker.java:822)
at org.testng.internal.TestInvoker.invokeTestMethods(TestInvoker.java:147)
at org.testng.internal.TestMethodWorker.invokeTestMethods(TestMethodWorker.java:146)
at org.testng.internal.TestMethodWorker.run(TestMethodWorker.java:128)
at java.util.ArrayList.forEach(ArrayList.java:1257)
at org.testng.TestRunner.privateRun(TestRunner.java:764)
at org.testng.TestRunner.run(TestRunner.java:585)
at org.testng.SuiteRunner.runTest(SuiteRunner.java:384)
at org.testng.SuiteRunner.runSequentially(SuiteRunner.java:378)
at org.testng.SuiteRunner.privateRun(SuiteRunner.java:337)
at org.testng.SuiteRunner.run(SuiteRunner.java:286)
at org.testng.SuiteRunnerWorker.runSuite(SuiteRunnerWorker.java:53)
at org.testng.SuiteRunnerWorker.run(SuiteRunnerWorker.java:96)
at org.testng.TestNG.runSuitesSequentially(TestNG.java:1218)
at org.testng.TestNG.runSuitesLocally(TestNG.java:1140)
at org.testng.TestNG.runSuites(TestNG.java:1069)
at org.testng.TestNG.run(TestNG.java:1037)
at org.testng.remote.AbstractRemoteTestNG.run(AbstractRemoteTestNG.java:115)
at org.testng.remote.RemoteTestNG.initAndRun(RemoteTestNG.java:251)
at org.testng.remote.RemoteTestNG.main(RemoteTestNG.java:77)
]]>
            </full-stacktrace>
          </exception> <!-- java.lang.Error -->
          <reporter-output>
          </reporter-output>
        </test-method> <!-- test4_FullName -->
        <test-method status="FAIL" signature="test5_FullName()[pri:0, instance:online_tusur.unit_online_tusur.StudentTestng@67205a84]" name="test5_FullName" duration-ms="1" started-at="2020-12-19T20:24:20 GMT+07:00" finished-at="2020-12-19T20:24:20 GMT+07:00">
          <exception class="java.lang.Error">
            <message>
              <![CDATA[Unresolved compilation problems: 
Tag cannot be resolved to a type
The method assertTrue(String, boolean) is undefined for the type StudentTestng
]]>
            </message>
            <full-stacktrace>
              <![CDATA[java.lang.Error: Unresolved compilation problems: 
Tag cannot be resolved to a type
The method assertTrue(String, boolean) is undefined for the type StudentTestng

at online_tusur.unit_online_tusur.StudentTestng.test5_FullName(StudentTestng.java:50)
at sun.reflect.NativeMethodAccessorImpl.invoke0(Native Method)
at sun.reflect.NativeMethodAccessorImpl.invoke(NativeMethodAccessorImpl.java:62)
at sun.reflect.DelegatingMethodAccessorImpl.invoke(DelegatingMethodAccessorImpl.java:43)
at java.lang.reflect.Method.invoke(Method.java:498)
at org.testng.internal.MethodInvocationHelper.invokeMethod(MethodInvocationHelper.java:132)
at org.testng.internal.TestInvoker.invokeMethod(TestInvoker.java:599)
at org.testng.internal.TestInvoker.invokeTestMethod(TestInvoker.java:174)
at org.testng.internal.MethodRunner.runInSequence(MethodRunner.java:46)
at org.testng.internal.TestInvoker$MethodInvocationAgent.invoke(TestInvoker.java:822)
at org.testng.internal.TestInvoker.invokeTestMethods(TestInvoker.java:147)
at org.testng.internal.TestMethodWorker.invokeTestMethods(TestMethodWorker.java:146)
at org.testng.internal.TestMethodWorker.run(TestMethodWorker.java:128)
at java.util.ArrayList.forEach(ArrayList.java:1257)
at org.testng.TestRunner.privateRun(TestRunner.java:764)
at org.testng.TestRunner.run(TestRunner.java:585)
at org.testng.SuiteRunner.runTest(SuiteRunner.java:384)
at org.testng.SuiteRunner.runSequentially(SuiteRunner.java:378)
at org.testng.SuiteRunner.privateRun(SuiteRunner.java:337)
at org.testng.SuiteRunner.run(SuiteRunner.java:286)
at org.testng.SuiteRunnerWorker.runSuite(SuiteRunnerWorker.java:53)
at org.testng.SuiteRunnerWorker.run(SuiteRunnerWorker.java:96)
at org.testng.TestNG.runSuitesSequentially(TestNG.java:1218)
at org.testng.TestNG.runSuitesLocally(TestNG.java:1140)
at org.testng.TestNG.runSuites(TestNG.java:1069)
at org.testng.TestNG.run(TestNG.java:1037)
at org.testng.remote.AbstractRemoteTestNG.run(AbstractRemoteTestNG.java:115)
at org.testng.remote.RemoteTestNG.initAndRun(RemoteTestNG.java:251)
at org.testng.remote.RemoteTestNG.main(RemoteTestNG.java:77)
]]>
            </full-stacktrace>
          </exception> <!-- java.lang.Error -->
          <reporter-output>
          </reporter-output>
        </test-method> <!-- test5_FullName -->
        <test-method status="FAIL" signature="test6_FullName()[pri:0, instance:online_tusur.unit_online_tusur.StudentTestng@67205a84]" name="test6_FullName" duration-ms="1" started-at="2020-12-19T20:24:20 GMT+07:00" finished-at="2020-12-19T20:24:20 GMT+07:00">
          <exception class="java.lang.Error">
            <message>
              <![CDATA[Unresolved compilation problems: 
Tag cannot be resolved to a type
The method assertTrue(String, boolean) is undefined for the type StudentTestng
]]>
            </message>
            <full-stacktrace>
              <![CDATA[java.lang.Error: Unresolved compilation problems: 
Tag cannot be resolved to a type
The method assertTrue(String, boolean) is undefined for the type StudentTestng

at online_tusur.unit_online_tusur.StudentTestng.test6_FullName(StudentTestng.java:58)
at sun.reflect.NativeMethodAccessorImpl.invoke0(Native Method)
at sun.reflect.NativeMethodAccessorImpl.invoke(NativeMethodAccessorImpl.java:62)
at sun.reflect.DelegatingMethodAccessorImpl.invoke(DelegatingMethodAccessorImpl.java:43)
at java.lang.reflect.Method.invoke(Method.java:498)
at org.testng.internal.MethodInvocationHelper.invokeMethod(MethodInvocationHelper.java:132)
at org.testng.internal.TestInvoker.invokeMethod(TestInvoker.java:599)
at org.testng.internal.TestInvoker.invokeTestMethod(TestInvoker.java:174)
at org.testng.internal.MethodRunner.runInSequence(MethodRunner.java:46)
at org.testng.internal.TestInvoker$MethodInvocationAgent.invoke(TestInvoker.java:822)
at org.testng.internal.TestInvoker.invokeTestMethods(TestInvoker.java:147)
at org.testng.internal.TestMethodWorker.invokeTestMethods(TestMethodWorker.java:146)
at org.testng.internal.TestMethodWorker.run(TestMethodWorker.java:128)
at java.util.ArrayList.forEach(ArrayList.java:1257)
at org.testng.TestRunner.privateRun(TestRunner.java:764)
at org.testng.TestRunner.run(TestRunner.java:585)
at org.testng.SuiteRunner.runTest(SuiteRunner.java:384)
at org.testng.SuiteRunner.runSequentially(SuiteRunner.java:378)
at org.testng.SuiteRunner.privateRun(SuiteRunner.java:337)
at org.testng.SuiteRunner.run(SuiteRunner.java:286)
at org.testng.SuiteRunnerWorker.runSuite(SuiteRunnerWorker.java:53)
at org.testng.SuiteRunnerWorker.run(SuiteRunnerWorker.java:96)
at org.testng.TestNG.runSuitesSequentially(TestNG.java:1218)
at org.testng.TestNG.runSuitesLocally(TestNG.java:1140)
at org.testng.TestNG.runSuites(TestNG.java:1069)
at org.testng.TestNG.run(TestNG.java:1037)
at org.testng.remote.AbstractRemoteTestNG.run(AbstractRemoteTestNG.java:115)
at org.testng.remote.RemoteTestNG.initAndRun(RemoteTestNG.java:251)
at org.testng.remote.RemoteTestNG.main(RemoteTestNG.java:77)
]]>
            </full-stacktrace>
          </exception> <!-- java.lang.Error -->
          <reporter-output>
          </reporter-output>
        </test-method> <!-- test6_FullName -->
        <test-method status="PASS" signature="test_FullName_L(java.lang.String, java.lang.String, java.lang.String)[pri:0, instance:online_tusur.unit_online_tusur.StudentTestng@67205a84]" name="test_FullName_L" duration-ms="5" started-at="2020-12-19T20:24:20 GMT+07:00" data-provider="data2" finished-at="2020-12-19T20:24:20 GMT+07:00">
          <params>
            <param index="0">
              <value>
                <![CDATA[ИваН]]>
              </value>
            </param>
            <param index="1">
              <value>
                <![CDATA[иваНов]]>
              </value>
            </param>
            <param index="2">
              <value>
                <![CDATA[Иванов Иван]]>
              </value>
            </param>
          </params>
          <reporter-output>
          </reporter-output>
        </test-method> <!-- test_FullName_L -->
        <test-method status="PASS" signature="test_FullName_L(java.lang.String, java.lang.String, java.lang.String)[pri:0, instance:online_tusur.unit_online_tusur.StudentTestng@67205a84]" name="test_FullName_L" duration-ms="1" started-at="2020-12-19T20:24:20 GMT+07:00" data-provider="data2" finished-at="2020-12-19T20:24:20 GMT+07:00">
          <params>
            <param index="0">
              <value>
                <![CDATA[ivan]]>
              </value>
            </param>
            <param index="1">
              <value>
                <![CDATA[ivanov]]>
              </value>
            </param>
            <param index="2">
              <value>
                <![CDATA[Ivanov Ivan]]>
              </value>
            </param>
          </params>
          <reporter-output>
          </reporter-output>
        </test-method> <!-- test_FullName_L -->
        <test-method status="PASS" signature="test_FullName_L(java.lang.String, java.lang.String, java.lang.String)[pri:0, instance:online_tusur.unit_online_tusur.StudentTestng@67205a84]" name="test_FullName_L" duration-ms="1" started-at="2020-12-19T20:24:20 GMT+07:00" data-provider="data2" finished-at="2020-12-19T20:24:20 GMT+07:00">
          <params>
            <param index="0">
              <value>
                <![CDATA[IVAN]]>
              </value>
            </param>
            <param index="1">
              <value>
                <![CDATA[IVANOV]]>
              </value>
            </param>
            <param index="2">
              <value>
                <![CDATA[Ivanov Ivan]]>
              </value>
            </param>
          </params>
          <reporter-output>
          </reporter-output>
        </test-method> <!-- test_FullName_L -->
        <test-method status="PASS" signature="test_FullName_L(java.lang.String, java.lang.String, java.lang.String)[pri:0, instance:online_tusur.unit_online_tusur.StudentTestng@67205a84]" name="test_FullName_L" duration-ms="1" started-at="2020-12-19T20:24:20 GMT+07:00" data-provider="data2" finished-at="2020-12-19T20:24:20 GMT+07:00">
          <params>
            <param index="0">
              <value>
                <![CDATA[Null]]>
              </value>
            </param>
            <param index="1">
              <value>
                <![CDATA[Null]]>
              </value>
            </param>
            <param index="2">
              <value>
                <![CDATA[Null Null]]>
              </value>
            </param>
          </params>
          <reporter-output>
          </reporter-output>
        </test-method> <!-- test_FullName_L -->
        <test-method status="FAIL" signature="test_FullName_L(java.lang.String, java.lang.String, java.lang.String)[pri:0, instance:online_tusur.unit_online_tusur.StudentTestng@67205a84]" name="test_FullName_L" duration-ms="2" started-at="2020-12-19T20:24:20 GMT+07:00" data-provider="data2" finished-at="2020-12-19T20:24:20 GMT+07:00">
          <params>
            <param index="0">
              <value>
                <![CDATA[a]]>
              </value>
            </param>
            <param index="1">
              <value>
                <![CDATA[a]]>
              </value>
            </param>
            <param index="2">
              <value>
                <![CDATA[A, A]]>
              </value>
            </param>
          </params>
          <exception class="java.lang.AssertionError">
            <message>
              <![CDATA[expected [a A] but found [A, A]]]>
            </message>
            <full-stacktrace>
              <![CDATA[java.lang.AssertionError: expected [a A] but found [A, A]
at org.testng.Assert.fail(Assert.java:99)
at org.testng.Assert.failNotEquals(Assert.java:1037)
at org.testng.Assert.assertEqualsImpl(Assert.java:140)
at org.testng.Assert.assertEquals(Assert.java:122)
at org.testng.Assert.assertEquals(Assert.java:629)
at org.testng.Assert.assertEquals(Assert.java:639)
at online_tusur.unit_online_tusur.StudentTestng.test_FullName_L(StudentTestng.java:39)
at sun.reflect.NativeMethodAccessorImpl.invoke0(Native Method)
at sun.reflect.NativeMethodAccessorImpl.invoke(NativeMethodAccessorImpl.java:62)
at sun.reflect.DelegatingMethodAccessorImpl.invoke(DelegatingMethodAccessorImpl.java:43)
at java.lang.reflect.Method.invoke(Method.java:498)
at org.testng.internal.MethodInvocationHelper.invokeMethod(MethodInvocationHelper.java:132)
at org.testng.internal.TestInvoker.invokeMethod(TestInvoker.java:599)
at org.testng.internal.TestInvoker.invokeTestMethod(TestInvoker.java:174)
at org.testng.internal.MethodRunner.runInSequence(MethodRunner.java:46)
at org.testng.internal.TestInvoker$MethodInvocationAgent.invoke(TestInvoker.java:822)
at org.testng.internal.TestInvoker.invokeTestMethods(TestInvoker.java:147)
at org.testng.internal.TestMethodWorker.invokeTestMethods(TestMethodWorker.java:146)
at org.testng.internal.TestMethodWorker.run(TestMethodWorker.java:128)
at java.util.ArrayList.forEach(ArrayList.java:1257)
at org.testng.TestRunner.privateRun(TestRunner.java:764)
at org.testng.TestRunner.run(TestRunner.java:585)
at org.testng.SuiteRunner.runTest(SuiteRunner.java:384)
at org.testng.SuiteRunner.runSequentially(SuiteRunner.java:378)
at org.testng.SuiteRunner.privateRun(SuiteRunner.java:337)
at org.testng.SuiteRunner.run(SuiteRunner.java:286)
at org.testng.SuiteRunnerWorker.runSuite(SuiteRunnerWorker.java:53)
at org.testng.SuiteRunnerWorker.run(SuiteRunnerWorker.java:96)
at org.testng.TestNG.runSuitesSequentially(TestNG.java:1218)
at org.testng.TestNG.runSuitesLocally(TestNG.java:1140)
at org.testng.TestNG.runSuites(TestNG.java:1069)
at org.testng.TestNG.run(TestNG.java:1037)
at org.testng.remote.AbstractRemoteTestNG.run(AbstractRemoteTestNG.java:115)
at org.testng.remote.RemoteTestNG.initAndRun(RemoteTestNG.java:251)
at org.testng.remote.RemoteTestNG.main(RemoteTestNG.java:77)
]]>
            </full-stacktrace>
          </exception> <!-- java.lang.AssertionError -->
          <reporter-output>
          </reporter-output>
        </test-method> <!-- test_FullName_L -->
      </class> <!-- online_tusur.unit_online_tusur.StudentTestng -->
    </test> <!-- Default test -->
  </suite> <!-- Default suite -->
</testng-results>
