<?xml version="1.0" encoding="UTF-8"?>
<!-- Generated by org.testng.reporters.JUnitXMLReporter -->
<testsuite ignored="0" hostname="GLaDOS" failures="11" tests="43" name="Test" time="0.072" errors="0" timestamp="2020-01-27T21:26:33 YEKT">
  <testcase classname="online_tusur.unit_online_tusur.StudentTestNG" name="a_test_pow" time="0.0">
    <failure type="org.testng.TestNGException" message="
Parameter &amp;apos;powa&amp;apos; is required by @Test on method a_test_pow but has not been marked @Optional or defined
in D:\Doc\Учеба\Project\unit-online-tusur\testng.xml">
      <![CDATA[org.testng.TestNGException: 
Parameter 'powa' is required by @Test on method a_test_pow but has not been marked @Optional or defined
in D:\Doc\Учеба\Project\unit-online-tusur\testng.xml
at java.base/java.util.concurrent.ThreadPoolExecutor.runWorker(ThreadPoolExecutor.java:1128)
at java.base/java.util.concurrent.ThreadPoolExecutor$Worker.run(ThreadPoolExecutor.java:628)
at java.base/java.lang.Thread.run(Thread.java:830)
... Removed 11 stack frames]]>
    </failure>
  </testcase> <!-- a_test_pow -->
  <testcase classname="online_tusur.unit_online_tusur.NewTest_F$TestFactory" name="testPow" time="0.006"/>
  <testcase classname="online_tusur.unit_online_tusur.StudentTestNG" name="test_Name_N" time="0.004"/>
  <testcase classname="online_tusur.unit_online_tusur.StudentTestNG" name="test_FullName_N" time="0.004"/>
  <testcase classname="online_tusur.unit_online_tusur.StudentTestNG" name="test_Age_P" time="0.005"/>
  <testcase classname="online_tusur.unit_online_tusur.StudentTestNG" name="test_Name_P" time="0.005"/>
  <testcase classname="online_tusur.unit_online_tusur.StudentTestNG" name="StudentProviderTest" time="0.006"/>
  <testcase classname="online_tusur.unit_online_tusur.StudentTestNG" name="test_FullName_P" time="0.006"/>
  <testcase classname="online_tusur.unit_online_tusur.NewTest_F$TestFactory" name="testPow" time="0.011"/>
  <testcase classname="online_tusur.unit_online_tusur.NewTest_F$TestFactory" name="testPow" time="0.012"/>
  <testcase classname="online_tusur.unit_online_tusur.NewTest_F$TestFactory" name="testPow" time="0.008"/>
  <testcase classname="online_tusur.unit_online_tusur.StudentTestNG" name="test_FullName_N" time="0.001"/>
  <testcase classname="online_tusur.unit_online_tusur.StudentTestNG" name="test_Name_N" time="0.003"/>
  <testcase classname="online_tusur.unit_online_tusur.StudentTestNG" name="test_Age_P" time="0.003">
    <failure type="java.lang.AssertionError" message="expected:&amp;lt;50&amp;gt; but was:&amp;lt;18&amp;gt;">
      <![CDATA[java.lang.AssertionError: expected:<50> but was:<18>
at online_tusur.unit_online_tusur.StudentTestNG.test_Age_P(StudentTestNG.java:143)
at java.base/java.util.concurrent.ThreadPoolExecutor.runWorker(ThreadPoolExecutor.java:1128)
at java.base/java.util.concurrent.ThreadPoolExecutor$Worker.run(ThreadPoolExecutor.java:628)
at java.base/java.lang.Thread.run(Thread.java:830)
... Removed 17 stack frames]]>
    </failure>
  </testcase> <!-- test_Age_P -->
  <testcase classname="online_tusur.unit_online_tusur.StudentTestNG" name="test_Name_P" time="0.004"/>
  <testcase classname="online_tusur.unit_online_tusur.StudentTestNG" name="StudentProviderTest" time="0.005"/>
  <testcase classname="online_tusur.unit_online_tusur.StudentTestNG" name="test_FullName_P" time="0.006"/>
  <testcase classname="online_tusur.unit_online_tusur.StudentTestNG" name="test_Age_P" time="0.002"/>
  <testcase classname="online_tusur.unit_online_tusur.StudentTestNG" name="test_Name_N" time="0.001"/>
  <testcase classname="online_tusur.unit_online_tusur.StudentTestNG" name="test_Name_P" time="0.001"/>
  <testcase classname="online_tusur.unit_online_tusur.StudentTestNG" name="StudentProviderTest" time="0.002">
    <failure type="java.lang.AssertionError" message="expected:&amp;lt;Неиванов Иван&amp;gt; but was:&amp;lt;Иванов Иван&amp;gt;">
      <![CDATA[java.lang.AssertionError: expected:<Неиванов Иван> but was:<Иванов Иван>
at online_tusur.unit_online_tusur.StudentTestNG.StudentProviderTest(StudentTestNG.java:32)
at java.base/java.util.concurrent.ThreadPoolExecutor.runWorker(ThreadPoolExecutor.java:1128)
at java.base/java.util.concurrent.ThreadPoolExecutor$Worker.run(ThreadPoolExecutor.java:628)
at java.base/java.lang.Thread.run(Thread.java:830)
... Removed 14 stack frames]]>
    </failure>
  </testcase> <!-- StudentProviderTest -->
  <testcase classname="online_tusur.unit_online_tusur.StudentTestNG" name="test_FullName_P" time="0.004"/>
  <testcase classname="online_tusur.unit_online_tusur.StudentTestNG" name="test_FullName_N" time="0.004"/>
  <testcase classname="online_tusur.unit_online_tusur.StudentTestNG" name="test_Name_N" time="0.001"/>
  <testcase classname="online_tusur.unit_online_tusur.StudentTestNG" name="test_Name_P" time="0.001"/>
  <testcase classname="online_tusur.unit_online_tusur.StudentTestNG" name="test_Age_P" time="0.003"/>
  <testcase classname="online_tusur.unit_online_tusur.StudentTestNG" name="test_FullName_P" time="0.0"/>
  <testcase classname="online_tusur.unit_online_tusur.StudentTestNG" name="test_Name_N" time="0.001"/>
  <testcase classname="online_tusur.unit_online_tusur.StudentTestNG" name="test_FullName_N" time="0.002"/>
  <testcase classname="online_tusur.unit_online_tusur.StudentTestNG" name="test_Name_N" time="0.0"/>
  <testcase classname="online_tusur.unit_online_tusur.StudentTestNG" name="test_Age_P" time="0.002"/>
  <testcase classname="online_tusur.unit_online_tusur.StudentTestNG" name="test_Name_N" time="0.001"/>
  <testcase classname="online_tusur.unit_online_tusur.StudentTestNG" name="test_FullName_N" time="0.001"/>
  <testcase classname="online_tusur.unit_online_tusur.StudentTestNG" name="test_Name_N" time="0.0">
    <failure type="java.lang.AssertionError" message="expected:&amp;lt;U&amp;gt; but was:&amp;lt;u&amp;gt;">
      <![CDATA[java.lang.AssertionError: expected:<U> but was:<u>
at online_tusur.unit_online_tusur.StudentTestNG.test_Name_N(StudentTestNG.java:92)
at java.base/java.util.concurrent.ThreadPoolExecutor.runWorker(ThreadPoolExecutor.java:1128)
at java.base/java.util.concurrent.ThreadPoolExecutor$Worker.run(ThreadPoolExecutor.java:628)
at java.base/java.lang.Thread.run(Thread.java:830)
... Removed 14 stack frames]]>
    </failure>
  </testcase> <!-- test_Name_N -->
  <testcase classname="online_tusur.unit_online_tusur.StudentTestNG" name="test_FullName_N" time="0.005"/>
  <testcase classname="online_tusur.unit_online_tusur.StudentTestNG" name="test_Name_N" time="0.001">
    <failure type="java.lang.NullPointerException">
      <![CDATA[java.lang.NullPointerException
at online_tusur.unit_online_tusur.Student.setLastName(Student.java:38)
at online_tusur.unit_online_tusur.StudentTestNG.test_Name_N(StudentTestNG.java:87)
at java.base/java.util.concurrent.ThreadPoolExecutor.runWorker(ThreadPoolExecutor.java:1128)
at java.base/java.util.concurrent.ThreadPoolExecutor$Worker.run(ThreadPoolExecutor.java:628)
at java.base/java.lang.Thread.run(Thread.java:830)
... Removed 12 stack frames]]>
    </failure>
  </testcase> <!-- test_Name_N -->
  <testcase classname="online_tusur.unit_online_tusur.StudentTestNG" name="test_FullName_N" time="0.001"/>
  <testcase classname="online_tusur.unit_online_tusur.StudentTestNG" name="test_Name_N" time="0.001">
    <failure type="java.lang.NullPointerException">
      <![CDATA[java.lang.NullPointerException
at online_tusur.unit_online_tusur.Student.setFirstName(Student.java:26)
at online_tusur.unit_online_tusur.StudentTestNG.test_Name_N(StudentTestNG.java:86)
at java.base/java.util.concurrent.ThreadPoolExecutor.runWorker(ThreadPoolExecutor.java:1128)
at java.base/java.util.concurrent.ThreadPoolExecutor$Worker.run(ThreadPoolExecutor.java:628)
at java.base/java.lang.Thread.run(Thread.java:830)
... Removed 12 stack frames]]>
    </failure>
  </testcase> <!-- test_Name_N -->
  <testcase classname="online_tusur.unit_online_tusur.StudentTestNG" name="test_FullName_N" time="0.001">
    <failure type="java.lang.AssertionError" message="expected:&amp;lt;U Ivan&amp;gt; but was:&amp;lt;u Ivan&amp;gt;">
      <![CDATA[java.lang.AssertionError: expected:<U Ivan> but was:<u Ivan>
at online_tusur.unit_online_tusur.StudentTestNG.test_FullName_N(StudentTestNG.java:122)
at java.base/java.util.concurrent.ThreadPoolExecutor.runWorker(ThreadPoolExecutor.java:1128)
at java.base/java.util.concurrent.ThreadPoolExecutor$Worker.run(ThreadPoolExecutor.java:628)
at java.base/java.lang.Thread.run(Thread.java:830)
... Removed 14 stack frames]]>
    </failure>
  </testcase> <!-- test_FullName_N -->
  <testcase classname="online_tusur.unit_online_tusur.StudentTestNG" name="test_Name_N" time="0.001">
    <failure type="java.lang.NullPointerException">
      <![CDATA[java.lang.NullPointerException
at online_tusur.unit_online_tusur.Student.setFirstName(Student.java:26)
at online_tusur.unit_online_tusur.StudentTestNG.test_Name_N(StudentTestNG.java:86)
at java.base/java.util.concurrent.ThreadPoolExecutor.runWorker(ThreadPoolExecutor.java:1128)
at java.base/java.util.concurrent.ThreadPoolExecutor$Worker.run(ThreadPoolExecutor.java:628)
at java.base/java.lang.Thread.run(Thread.java:830)
... Removed 12 stack frames]]>
    </failure>
  </testcase> <!-- test_Name_N -->
  <testcase classname="online_tusur.unit_online_tusur.StudentTestNG" name="test_FullName_N" time="0.0">
    <failure type="java.lang.NullPointerException">
      <![CDATA[java.lang.NullPointerException
at online_tusur.unit_online_tusur.Student.setLastName(Student.java:38)
at online_tusur.unit_online_tusur.StudentTestNG.test_FullName_N(StudentTestNG.java:119)
at java.base/java.util.concurrent.ThreadPoolExecutor.runWorker(ThreadPoolExecutor.java:1128)
at java.base/java.util.concurrent.ThreadPoolExecutor$Worker.run(ThreadPoolExecutor.java:628)
at java.base/java.lang.Thread.run(Thread.java:830)
... Removed 12 stack frames]]>
    </failure>
  </testcase> <!-- test_FullName_N -->
  <testcase classname="online_tusur.unit_online_tusur.StudentTestNG" name="test_FullName_N" time="0.0">
    <failure type="java.lang.NullPointerException">
      <![CDATA[java.lang.NullPointerException
at online_tusur.unit_online_tusur.Student.setFirstName(Student.java:26)
at online_tusur.unit_online_tusur.StudentTestNG.test_FullName_N(StudentTestNG.java:118)
at java.base/java.util.concurrent.ThreadPoolExecutor.runWorker(ThreadPoolExecutor.java:1128)
at java.base/java.util.concurrent.ThreadPoolExecutor$Worker.run(ThreadPoolExecutor.java:628)
at java.base/java.lang.Thread.run(Thread.java:830)
... Removed 12 stack frames]]>
    </failure>
  </testcase> <!-- test_FullName_N -->
  <testcase classname="online_tusur.unit_online_tusur.StudentTestNG" name="test_FullName_N" time="0.0">
    <failure type="java.lang.NullPointerException">
      <![CDATA[java.lang.NullPointerException
at online_tusur.unit_online_tusur.Student.setFirstName(Student.java:26)
at online_tusur.unit_online_tusur.StudentTestNG.test_FullName_N(StudentTestNG.java:118)
at java.base/java.util.concurrent.ThreadPoolExecutor.runWorker(ThreadPoolExecutor.java:1128)
at java.base/java.util.concurrent.ThreadPoolExecutor$Worker.run(ThreadPoolExecutor.java:628)
at java.base/java.lang.Thread.run(Thread.java:830)
... Removed 12 stack frames]]>
    </failure>
  </testcase> <!-- test_FullName_N -->
</testsuite> <!-- Test -->
