<html>
<head>
<title>TestNG:  Test</title>
<link href="../testng.css" rel="stylesheet" type="text/css" />
<link href="../my-testng.css" rel="stylesheet" type="text/css" />

<style type="text/css">
.log { display: none;} 
.stack-trace { display: none;} 
</style>
<script type="text/javascript">
<!--
function flip(e) {
  current = e.style.display;
  if (current == 'block') {
    e.style.display = 'none';
    return 0;
  }
  else {
    e.style.display = 'block';
    return 1;
  }
}

function toggleBox(szDivId, elem, msg1, msg2)
{
  var res = -1;  if (document.getElementById) {
    res = flip(document.getElementById(szDivId));
  }
  else if (document.all) {
    // this is the way old msie versions work
    res = flip(document.all[szDivId]);
  }
  if(elem) {
    if(res == 0) elem.innerHTML = msg1; else elem.innerHTML = msg2;
  }

}

function toggleAllBoxes() {
  if (document.getElementsByTagName) {
    d = document.getElementsByTagName('div');
    for (i = 0; i < d.length; i++) {
      if (d[i].className == 'log') {
        flip(d[i]);
      }
    }
  }
}

// -->
</script>

</head>
<body>
<h2 align='center'>Test</h2><table border='1' align="center">
<tr>
<td>Tests passed/Failed/Skipped:</td><td>32/11/0</td>
</tr><tr>
<td>Started on:</td><td>Mon Jan 27 21:26:33 YEKT 2020</td>
</tr>
<tr><td>Total time:</td><td>0 seconds (72 ms)</td>
</tr><tr>
<td>Included groups:</td><td></td>
</tr><tr>
<td>Excluded groups:</td><td></td>
</tr>
</table><p/>
<small><i>(Hover the method name to see the test class name)</i></small><p/>
<table width='100%' border='1' class='invocation-failed'>
<tr><td colspan='4' align='center'><b>FAILED TESTS</b></td></tr>
<tr><td><b>Test method</b></td>
<td width="30%"><b>Exception</b></td>
<td width="10%"><b>Time (seconds)</b></td>
<td><b>Instance</b></td>
</tr>
<tr>
<td title='online_tusur.unit_online_tusur.StudentTestNG.StudentProviderTest()'><b>StudentProviderTest</b><br>Test class: online_tusur.unit_online_tusur.StudentTestNG<br>Parameters: online_tusur.unit_online_tusur.Student@10d4b253</td>
<td><div><pre>java.lang.AssertionError: expected:&lt;Неиванов Иван&gt; but was:&lt;Иванов Иван&gt;
	at online_tusur.unit_online_tusur.StudentTestNG.StudentProviderTest(StudentTestNG.java:32)
	at java.base/java.util.concurrent.ThreadPoolExecutor.runWorker(ThreadPoolExecutor.java:1128)
	at java.base/java.util.concurrent.ThreadPoolExecutor$Worker.run(ThreadPoolExecutor.java:628)
	at java.base/java.lang.Thread.run(Thread.java:830)
... Removed 14 stack frames</pre></div><a href='#' onClick='toggleBox("stack-trace1526484134", this, "Click to show all stack frames", "Click to hide stack frames")'>Click to show all stack frames</a>
<div class='stack-trace' id='stack-trace1526484134'><pre>java.lang.AssertionError: expected:&lt;Неиванов Иван&gt; but was:&lt;Иванов Иван&gt;
	at org.testng.AssertJUnit.assertEquals(AssertJUnit.java:82)
	at org.testng.AssertJUnit.assertEquals(AssertJUnit.java:87)
	at online_tusur.unit_online_tusur.StudentTestNG.StudentProviderTest(StudentTestNG.java:32)
	at java.base/jdk.internal.reflect.NativeMethodAccessorImpl.invoke0(Native Method)
	at java.base/jdk.internal.reflect.NativeMethodAccessorImpl.invoke(NativeMethodAccessorImpl.java:62)
	at java.base/jdk.internal.reflect.DelegatingMethodAccessorImpl.invoke(DelegatingMethodAccessorImpl.java:43)
	at java.base/java.lang.reflect.Method.invoke(Method.java:567)
	at org.testng.internal.MethodInvocationHelper.invokeMethod(MethodInvocationHelper.java:133)
	at org.testng.internal.TestInvoker.invokeMethod(TestInvoker.java:584)
	at org.testng.internal.TestInvoker.invokeTestMethod(TestInvoker.java:172)
	at org.testng.internal.MethodRunner.runInSequence(MethodRunner.java:46)
	at org.testng.internal.TestInvoker$MethodInvocationAgent.invoke(TestInvoker.java:804)
	at org.testng.internal.TestInvoker.invokeTestMethods(TestInvoker.java:145)
	at org.testng.internal.TestMethodWorker.invokeTestMethods(TestMethodWorker.java:146)
	at org.testng.internal.TestMethodWorker.run(TestMethodWorker.java:128)
	at java.base/java.util.concurrent.ThreadPoolExecutor.runWorker(ThreadPoolExecutor.java:1128)
	at java.base/java.util.concurrent.ThreadPoolExecutor$Worker.run(ThreadPoolExecutor.java:628)
	at java.base/java.lang.Thread.run(Thread.java:830)
</pre></div></td>
<td>0</td>
<td>online_tusur.unit_online_tusur.StudentTestNG@d4342c2</td></tr>
<tr>
<td title='online_tusur.unit_online_tusur.StudentTestNG.a_test_pow()'><b>a_test_pow</b><br>Test class: online_tusur.unit_online_tusur.StudentTestNG</td>
<td><div><pre>org.testng.TestNGException: 
Parameter &apos;powa&apos; is required by @Test on method a_test_pow but has not been marked @Optional or defined
in D:\Doc\Учеба\Project\unit-online-tusur\testng.xml
	at java.base/java.util.concurrent.ThreadPoolExecutor.runWorker(ThreadPoolExecutor.java:1128)
	at java.base/java.util.concurrent.ThreadPoolExecutor$Worker.run(ThreadPoolExecutor.java:628)
	at java.base/java.lang.Thread.run(Thread.java:830)
... Removed 11 stack frames</pre></div><a href='#' onClick='toggleBox("stack-trace540308328", this, "Click to show all stack frames", "Click to hide stack frames")'>Click to show all stack frames</a>
<div class='stack-trace' id='stack-trace540308328'><pre>org.testng.TestNGException: 
Parameter &apos;powa&apos; is required by @Test on method a_test_pow but has not been marked @Optional or defined
in D:\Doc\Учеба\Project\unit-online-tusur\testng.xml
	at org.testng.internal.Parameters.createParams(Parameters.java:289)
	at org.testng.internal.Parameters.createParametersForMethod(Parameters.java:377)
	at org.testng.internal.Parameters.createParameters(Parameters.java:721)
	at org.testng.internal.Parameters.handleParameters(Parameters.java:895)
	at org.testng.internal.Parameters.handleParameters(Parameters.java:762)
	at org.testng.internal.ParameterHandler.handleParameters(ParameterHandler.java:60)
	at org.testng.internal.ParameterHandler.createParameters(ParameterHandler.java:39)
	at org.testng.internal.TestInvoker$MethodInvocationAgent.invoke(TestInvoker.java:771)
	at org.testng.internal.TestInvoker.invokeTestMethods(TestInvoker.java:145)
	at org.testng.internal.TestMethodWorker.invokeTestMethods(TestMethodWorker.java:146)
	at org.testng.internal.TestMethodWorker.run(TestMethodWorker.java:128)
	at java.base/java.util.concurrent.ThreadPoolExecutor.runWorker(ThreadPoolExecutor.java:1128)
	at java.base/java.util.concurrent.ThreadPoolExecutor$Worker.run(ThreadPoolExecutor.java:628)
	at java.base/java.lang.Thread.run(Thread.java:830)
</pre></div></td>
<td>0</td>
<td>online_tusur.unit_online_tusur.StudentTestNG@d4342c2</td></tr>
<tr>
<td title='online_tusur.unit_online_tusur.StudentTestNG.test_Age_P()'><b>test_Age_P</b><br>Test class: online_tusur.unit_online_tusur.StudentTestNG<br>Parameters: 50, 50</td>
<td><div><pre>java.lang.AssertionError: expected:&lt;50&gt; but was:&lt;18&gt;
	at online_tusur.unit_online_tusur.StudentTestNG.test_Age_P(StudentTestNG.java:143)
	at java.base/java.util.concurrent.ThreadPoolExecutor.runWorker(ThreadPoolExecutor.java:1128)
	at java.base/java.util.concurrent.ThreadPoolExecutor$Worker.run(ThreadPoolExecutor.java:628)
	at java.base/java.lang.Thread.run(Thread.java:830)
... Removed 17 stack frames</pre></div><a href='#' onClick='toggleBox("stack-trace952008935", this, "Click to show all stack frames", "Click to hide stack frames")'>Click to show all stack frames</a>
<div class='stack-trace' id='stack-trace952008935'><pre>java.lang.AssertionError: expected:&lt;50&gt; but was:&lt;18&gt;
	at org.testng.AssertJUnit.fail(AssertJUnit.java:47)
	at org.testng.AssertJUnit.failNotEquals(AssertJUnit.java:330)
	at org.testng.AssertJUnit.assertEquals(AssertJUnit.java:66)
	at org.testng.AssertJUnit.assertEquals(AssertJUnit.java:213)
	at org.testng.AssertJUnit.assertEquals(AssertJUnit.java:218)
	at online_tusur.unit_online_tusur.StudentTestNG.test_Age_P(StudentTestNG.java:143)
	at java.base/jdk.internal.reflect.NativeMethodAccessorImpl.invoke0(Native Method)
	at java.base/jdk.internal.reflect.NativeMethodAccessorImpl.invoke(NativeMethodAccessorImpl.java:62)
	at java.base/jdk.internal.reflect.DelegatingMethodAccessorImpl.invoke(DelegatingMethodAccessorImpl.java:43)
	at java.base/java.lang.reflect.Method.invoke(Method.java:567)
	at org.testng.internal.MethodInvocationHelper.invokeMethod(MethodInvocationHelper.java:133)
	at org.testng.internal.TestInvoker.invokeMethod(TestInvoker.java:584)
	at org.testng.internal.TestInvoker.invokeTestMethod(TestInvoker.java:172)
	at org.testng.internal.MethodRunner.runInSequence(MethodRunner.java:46)
	at org.testng.internal.TestInvoker$MethodInvocationAgent.invoke(TestInvoker.java:804)
	at org.testng.internal.TestInvoker.invokeTestMethods(TestInvoker.java:145)
	at org.testng.internal.TestMethodWorker.invokeTestMethods(TestMethodWorker.java:146)
	at org.testng.internal.TestMethodWorker.run(TestMethodWorker.java:128)
	at java.base/java.util.concurrent.ThreadPoolExecutor.runWorker(ThreadPoolExecutor.java:1128)
	at java.base/java.util.concurrent.ThreadPoolExecutor$Worker.run(ThreadPoolExecutor.java:628)
	at java.base/java.lang.Thread.run(Thread.java:830)
</pre></div></td>
<td>0</td>
<td>online_tusur.unit_online_tusur.StudentTestNG@d4342c2</td></tr>
<tr>
<td title='online_tusur.unit_online_tusur.StudentTestNG.test_FullName_N()'><b>test_FullName_N</b><br>Test class: online_tusur.unit_online_tusur.StudentTestNG<br>Parameters: Ivan, u, U, Ivan</td>
<td><div><pre>java.lang.AssertionError: expected:&lt;U Ivan&gt; but was:&lt;u Ivan&gt;
	at online_tusur.unit_online_tusur.StudentTestNG.test_FullName_N(StudentTestNG.java:122)
	at java.base/java.util.concurrent.ThreadPoolExecutor.runWorker(ThreadPoolExecutor.java:1128)
	at java.base/java.util.concurrent.ThreadPoolExecutor$Worker.run(ThreadPoolExecutor.java:628)
	at java.base/java.lang.Thread.run(Thread.java:830)
... Removed 14 stack frames</pre></div><a href='#' onClick='toggleBox("stack-trace1133267826", this, "Click to show all stack frames", "Click to hide stack frames")'>Click to show all stack frames</a>
<div class='stack-trace' id='stack-trace1133267826'><pre>java.lang.AssertionError: expected:&lt;U Ivan&gt; but was:&lt;u Ivan&gt;
	at org.testng.AssertJUnit.assertEquals(AssertJUnit.java:82)
	at org.testng.AssertJUnit.assertEquals(AssertJUnit.java:87)
	at online_tusur.unit_online_tusur.StudentTestNG.test_FullName_N(StudentTestNG.java:122)
	at java.base/jdk.internal.reflect.NativeMethodAccessorImpl.invoke0(Native Method)
	at java.base/jdk.internal.reflect.NativeMethodAccessorImpl.invoke(NativeMethodAccessorImpl.java:62)
	at java.base/jdk.internal.reflect.DelegatingMethodAccessorImpl.invoke(DelegatingMethodAccessorImpl.java:43)
	at java.base/java.lang.reflect.Method.invoke(Method.java:567)
	at org.testng.internal.MethodInvocationHelper.invokeMethod(MethodInvocationHelper.java:133)
	at org.testng.internal.TestInvoker.invokeMethod(TestInvoker.java:584)
	at org.testng.internal.TestInvoker.invokeTestMethod(TestInvoker.java:172)
	at org.testng.internal.MethodRunner.runInSequence(MethodRunner.java:46)
	at org.testng.internal.TestInvoker$MethodInvocationAgent.invoke(TestInvoker.java:804)
	at org.testng.internal.TestInvoker.invokeTestMethods(TestInvoker.java:145)
	at org.testng.internal.TestMethodWorker.invokeTestMethods(TestMethodWorker.java:146)
	at org.testng.internal.TestMethodWorker.run(TestMethodWorker.java:128)
	at java.base/java.util.concurrent.ThreadPoolExecutor.runWorker(ThreadPoolExecutor.java:1128)
	at java.base/java.util.concurrent.ThreadPoolExecutor$Worker.run(ThreadPoolExecutor.java:628)
	at java.base/java.lang.Thread.run(Thread.java:830)
</pre></div></td>
<td>0</td>
<td>online_tusur.unit_online_tusur.StudentTestNG@d4342c2</td></tr>
<tr>
<td title='online_tusur.unit_online_tusur.StudentTestNG.test_FullName_N()'><b>test_FullName_N</b><br>Test class: online_tusur.unit_online_tusur.StudentTestNG<br>Parameters: Ivan, null, null, Ivan</td>
<td><div><pre>java.lang.NullPointerException
	at online_tusur.unit_online_tusur.Student.setLastName(Student.java:38)
	at online_tusur.unit_online_tusur.StudentTestNG.test_FullName_N(StudentTestNG.java:119)
	at java.base/java.util.concurrent.ThreadPoolExecutor.runWorker(ThreadPoolExecutor.java:1128)
	at java.base/java.util.concurrent.ThreadPoolExecutor$Worker.run(ThreadPoolExecutor.java:628)
	at java.base/java.lang.Thread.run(Thread.java:830)
... Removed 12 stack frames</pre></div><a href='#' onClick='toggleBox("stack-trace1571224276", this, "Click to show all stack frames", "Click to hide stack frames")'>Click to show all stack frames</a>
<div class='stack-trace' id='stack-trace1571224276'><pre>java.lang.NullPointerException
	at online_tusur.unit_online_tusur.Student.setLastName(Student.java:38)
	at online_tusur.unit_online_tusur.StudentTestNG.test_FullName_N(StudentTestNG.java:119)
	at java.base/jdk.internal.reflect.NativeMethodAccessorImpl.invoke0(Native Method)
	at java.base/jdk.internal.reflect.NativeMethodAccessorImpl.invoke(NativeMethodAccessorImpl.java:62)
	at java.base/jdk.internal.reflect.DelegatingMethodAccessorImpl.invoke(DelegatingMethodAccessorImpl.java:43)
	at java.base/java.lang.reflect.Method.invoke(Method.java:567)
	at org.testng.internal.MethodInvocationHelper.invokeMethod(MethodInvocationHelper.java:133)
	at org.testng.internal.TestInvoker.invokeMethod(TestInvoker.java:584)
	at org.testng.internal.TestInvoker.invokeTestMethod(TestInvoker.java:172)
	at org.testng.internal.MethodRunner.runInSequence(MethodRunner.java:46)
	at org.testng.internal.TestInvoker$MethodInvocationAgent.invoke(TestInvoker.java:804)
	at org.testng.internal.TestInvoker.invokeTestMethods(TestInvoker.java:145)
	at org.testng.internal.TestMethodWorker.invokeTestMethods(TestMethodWorker.java:146)
	at org.testng.internal.TestMethodWorker.run(TestMethodWorker.java:128)
	at java.base/java.util.concurrent.ThreadPoolExecutor.runWorker(ThreadPoolExecutor.java:1128)
	at java.base/java.util.concurrent.ThreadPoolExecutor$Worker.run(ThreadPoolExecutor.java:628)
	at java.base/java.lang.Thread.run(Thread.java:830)
</pre></div></td>
<td>0</td>
<td>online_tusur.unit_online_tusur.StudentTestNG@d4342c2</td></tr>
<tr>
<td title='online_tusur.unit_online_tusur.StudentTestNG.test_FullName_N()'><b>test_FullName_N</b><br>Test class: online_tusur.unit_online_tusur.StudentTestNG<br>Parameters: null, Ivanov, Ivanov, null</td>
<td><div><pre>java.lang.NullPointerException
	at online_tusur.unit_online_tusur.Student.setFirstName(Student.java:26)
	at online_tusur.unit_online_tusur.StudentTestNG.test_FullName_N(StudentTestNG.java:118)
	at java.base/java.util.concurrent.ThreadPoolExecutor.runWorker(ThreadPoolExecutor.java:1128)
	at java.base/java.util.concurrent.ThreadPoolExecutor$Worker.run(ThreadPoolExecutor.java:628)
	at java.base/java.lang.Thread.run(Thread.java:830)
... Removed 12 stack frames</pre></div><a href='#' onClick='toggleBox("stack-trace397636166", this, "Click to show all stack frames", "Click to hide stack frames")'>Click to show all stack frames</a>
<div class='stack-trace' id='stack-trace397636166'><pre>java.lang.NullPointerException
	at online_tusur.unit_online_tusur.Student.setFirstName(Student.java:26)
	at online_tusur.unit_online_tusur.StudentTestNG.test_FullName_N(StudentTestNG.java:118)
	at java.base/jdk.internal.reflect.NativeMethodAccessorImpl.invoke0(Native Method)
	at java.base/jdk.internal.reflect.NativeMethodAccessorImpl.invoke(NativeMethodAccessorImpl.java:62)
	at java.base/jdk.internal.reflect.DelegatingMethodAccessorImpl.invoke(DelegatingMethodAccessorImpl.java:43)
	at java.base/java.lang.reflect.Method.invoke(Method.java:567)
	at org.testng.internal.MethodInvocationHelper.invokeMethod(MethodInvocationHelper.java:133)
	at org.testng.internal.TestInvoker.invokeMethod(TestInvoker.java:584)
	at org.testng.internal.TestInvoker.invokeTestMethod(TestInvoker.java:172)
	at org.testng.internal.MethodRunner.runInSequence(MethodRunner.java:46)
	at org.testng.internal.TestInvoker$MethodInvocationAgent.invoke(TestInvoker.java:804)
	at org.testng.internal.TestInvoker.invokeTestMethods(TestInvoker.java:145)
	at org.testng.internal.TestMethodWorker.invokeTestMethods(TestMethodWorker.java:146)
	at org.testng.internal.TestMethodWorker.run(TestMethodWorker.java:128)
	at java.base/java.util.concurrent.ThreadPoolExecutor.runWorker(ThreadPoolExecutor.java:1128)
	at java.base/java.util.concurrent.ThreadPoolExecutor$Worker.run(ThreadPoolExecutor.java:628)
	at java.base/java.lang.Thread.run(Thread.java:830)
</pre></div></td>
<td>0</td>
<td>online_tusur.unit_online_tusur.StudentTestNG@d4342c2</td></tr>
<tr>
<td title='online_tusur.unit_online_tusur.StudentTestNG.test_FullName_N()'><b>test_FullName_N</b><br>Test class: online_tusur.unit_online_tusur.StudentTestNG<br>Parameters: null, null, null, null</td>
<td><div><pre>java.lang.NullPointerException
	at online_tusur.unit_online_tusur.Student.setFirstName(Student.java:26)
	at online_tusur.unit_online_tusur.StudentTestNG.test_FullName_N(StudentTestNG.java:118)
	at java.base/java.util.concurrent.ThreadPoolExecutor.runWorker(ThreadPoolExecutor.java:1128)
	at java.base/java.util.concurrent.ThreadPoolExecutor$Worker.run(ThreadPoolExecutor.java:628)
	at java.base/java.lang.Thread.run(Thread.java:830)
... Removed 12 stack frames</pre></div><a href='#' onClick='toggleBox("stack-trace378936911", this, "Click to show all stack frames", "Click to hide stack frames")'>Click to show all stack frames</a>
<div class='stack-trace' id='stack-trace378936911'><pre>java.lang.NullPointerException
	at online_tusur.unit_online_tusur.Student.setFirstName(Student.java:26)
	at online_tusur.unit_online_tusur.StudentTestNG.test_FullName_N(StudentTestNG.java:118)
	at java.base/jdk.internal.reflect.NativeMethodAccessorImpl.invoke0(Native Method)
	at java.base/jdk.internal.reflect.NativeMethodAccessorImpl.invoke(NativeMethodAccessorImpl.java:62)
	at java.base/jdk.internal.reflect.DelegatingMethodAccessorImpl.invoke(DelegatingMethodAccessorImpl.java:43)
	at java.base/java.lang.reflect.Method.invoke(Method.java:567)
	at org.testng.internal.MethodInvocationHelper.invokeMethod(MethodInvocationHelper.java:133)
	at org.testng.internal.TestInvoker.invokeMethod(TestInvoker.java:584)
	at org.testng.internal.TestInvoker.invokeTestMethod(TestInvoker.java:172)
	at org.testng.internal.MethodRunner.runInSequence(MethodRunner.java:46)
	at org.testng.internal.TestInvoker$MethodInvocationAgent.invoke(TestInvoker.java:804)
	at org.testng.internal.TestInvoker.invokeTestMethods(TestInvoker.java:145)
	at org.testng.internal.TestMethodWorker.invokeTestMethods(TestMethodWorker.java:146)
	at org.testng.internal.TestMethodWorker.run(TestMethodWorker.java:128)
	at java.base/java.util.concurrent.ThreadPoolExecutor.runWorker(ThreadPoolExecutor.java:1128)
	at java.base/java.util.concurrent.ThreadPoolExecutor$Worker.run(ThreadPoolExecutor.java:628)
	at java.base/java.lang.Thread.run(Thread.java:830)
</pre></div></td>
<td>0</td>
<td>online_tusur.unit_online_tusur.StudentTestNG@d4342c2</td></tr>
<tr>
<td title='online_tusur.unit_online_tusur.StudentTestNG.test_Name_N()'><b>test_Name_N</b><br>Test class: online_tusur.unit_online_tusur.StudentTestNG<br>Parameters: Ivan, u, U, Ivan</td>
<td><div><pre>java.lang.AssertionError: expected:&lt;U&gt; but was:&lt;u&gt;
	at online_tusur.unit_online_tusur.StudentTestNG.test_Name_N(StudentTestNG.java:92)
	at java.base/java.util.concurrent.ThreadPoolExecutor.runWorker(ThreadPoolExecutor.java:1128)
	at java.base/java.util.concurrent.ThreadPoolExecutor$Worker.run(ThreadPoolExecutor.java:628)
	at java.base/java.lang.Thread.run(Thread.java:830)
... Removed 14 stack frames</pre></div><a href='#' onClick='toggleBox("stack-trace1487723785", this, "Click to show all stack frames", "Click to hide stack frames")'>Click to show all stack frames</a>
<div class='stack-trace' id='stack-trace1487723785'><pre>java.lang.AssertionError: expected:&lt;U&gt; but was:&lt;u&gt;
	at org.testng.AssertJUnit.assertEquals(AssertJUnit.java:82)
	at org.testng.AssertJUnit.assertEquals(AssertJUnit.java:87)
	at online_tusur.unit_online_tusur.StudentTestNG.test_Name_N(StudentTestNG.java:92)
	at java.base/jdk.internal.reflect.NativeMethodAccessorImpl.invoke0(Native Method)
	at java.base/jdk.internal.reflect.NativeMethodAccessorImpl.invoke(NativeMethodAccessorImpl.java:62)
	at java.base/jdk.internal.reflect.DelegatingMethodAccessorImpl.invoke(DelegatingMethodAccessorImpl.java:43)
	at java.base/java.lang.reflect.Method.invoke(Method.java:567)
	at org.testng.internal.MethodInvocationHelper.invokeMethod(MethodInvocationHelper.java:133)
	at org.testng.internal.TestInvoker.invokeMethod(TestInvoker.java:584)
	at org.testng.internal.TestInvoker.invokeTestMethod(TestInvoker.java:172)
	at org.testng.internal.MethodRunner.runInSequence(MethodRunner.java:46)
	at org.testng.internal.TestInvoker$MethodInvocationAgent.invoke(TestInvoker.java:804)
	at org.testng.internal.TestInvoker.invokeTestMethods(TestInvoker.java:145)
	at org.testng.internal.TestMethodWorker.invokeTestMethods(TestMethodWorker.java:146)
	at org.testng.internal.TestMethodWorker.run(TestMethodWorker.java:128)
	at java.base/java.util.concurrent.ThreadPoolExecutor.runWorker(ThreadPoolExecutor.java:1128)
	at java.base/java.util.concurrent.ThreadPoolExecutor$Worker.run(ThreadPoolExecutor.java:628)
	at java.base/java.lang.Thread.run(Thread.java:830)
</pre></div></td>
<td>0</td>
<td>online_tusur.unit_online_tusur.StudentTestNG@d4342c2</td></tr>
<tr>
<td title='online_tusur.unit_online_tusur.StudentTestNG.test_Name_N()'><b>test_Name_N</b><br>Test class: online_tusur.unit_online_tusur.StudentTestNG<br>Parameters: Ivan, null, null, Ivan</td>
<td><div><pre>java.lang.NullPointerException
	at online_tusur.unit_online_tusur.Student.setLastName(Student.java:38)
	at online_tusur.unit_online_tusur.StudentTestNG.test_Name_N(StudentTestNG.java:87)
	at java.base/java.util.concurrent.ThreadPoolExecutor.runWorker(ThreadPoolExecutor.java:1128)
	at java.base/java.util.concurrent.ThreadPoolExecutor$Worker.run(ThreadPoolExecutor.java:628)
	at java.base/java.lang.Thread.run(Thread.java:830)
... Removed 12 stack frames</pre></div><a href='#' onClick='toggleBox("stack-trace395766756", this, "Click to show all stack frames", "Click to hide stack frames")'>Click to show all stack frames</a>
<div class='stack-trace' id='stack-trace395766756'><pre>java.lang.NullPointerException
	at online_tusur.unit_online_tusur.Student.setLastName(Student.java:38)
	at online_tusur.unit_online_tusur.StudentTestNG.test_Name_N(StudentTestNG.java:87)
	at java.base/jdk.internal.reflect.NativeMethodAccessorImpl.invoke0(Native Method)
	at java.base/jdk.internal.reflect.NativeMethodAccessorImpl.invoke(NativeMethodAccessorImpl.java:62)
	at java.base/jdk.internal.reflect.DelegatingMethodAccessorImpl.invoke(DelegatingMethodAccessorImpl.java:43)
	at java.base/java.lang.reflect.Method.invoke(Method.java:567)
	at org.testng.internal.MethodInvocationHelper.invokeMethod(MethodInvocationHelper.java:133)
	at org.testng.internal.TestInvoker.invokeMethod(TestInvoker.java:584)
	at org.testng.internal.TestInvoker.invokeTestMethod(TestInvoker.java:172)
	at org.testng.internal.MethodRunner.runInSequence(MethodRunner.java:46)
	at org.testng.internal.TestInvoker$MethodInvocationAgent.invoke(TestInvoker.java:804)
	at org.testng.internal.TestInvoker.invokeTestMethods(TestInvoker.java:145)
	at org.testng.internal.TestMethodWorker.invokeTestMethods(TestMethodWorker.java:146)
	at org.testng.internal.TestMethodWorker.run(TestMethodWorker.java:128)
	at java.base/java.util.concurrent.ThreadPoolExecutor.runWorker(ThreadPoolExecutor.java:1128)
	at java.base/java.util.concurrent.ThreadPoolExecutor$Worker.run(ThreadPoolExecutor.java:628)
	at java.base/java.lang.Thread.run(Thread.java:830)
</pre></div></td>
<td>0</td>
<td>online_tusur.unit_online_tusur.StudentTestNG@d4342c2</td></tr>
<tr>
<td title='online_tusur.unit_online_tusur.StudentTestNG.test_Name_N()'><b>test_Name_N</b><br>Test class: online_tusur.unit_online_tusur.StudentTestNG<br>Parameters: null, Ivanov, Ivanov, null</td>
<td><div><pre>java.lang.NullPointerException
	at online_tusur.unit_online_tusur.Student.setFirstName(Student.java:26)
	at online_tusur.unit_online_tusur.StudentTestNG.test_Name_N(StudentTestNG.java:86)
	at java.base/java.util.concurrent.ThreadPoolExecutor.runWorker(ThreadPoolExecutor.java:1128)
	at java.base/java.util.concurrent.ThreadPoolExecutor$Worker.run(ThreadPoolExecutor.java:628)
	at java.base/java.lang.Thread.run(Thread.java:830)
... Removed 12 stack frames</pre></div><a href='#' onClick='toggleBox("stack-trace1506733775", this, "Click to show all stack frames", "Click to hide stack frames")'>Click to show all stack frames</a>
<div class='stack-trace' id='stack-trace1506733775'><pre>java.lang.NullPointerException
	at online_tusur.unit_online_tusur.Student.setFirstName(Student.java:26)
	at online_tusur.unit_online_tusur.StudentTestNG.test_Name_N(StudentTestNG.java:86)
	at java.base/jdk.internal.reflect.NativeMethodAccessorImpl.invoke0(Native Method)
	at java.base/jdk.internal.reflect.NativeMethodAccessorImpl.invoke(NativeMethodAccessorImpl.java:62)
	at java.base/jdk.internal.reflect.DelegatingMethodAccessorImpl.invoke(DelegatingMethodAccessorImpl.java:43)
	at java.base/java.lang.reflect.Method.invoke(Method.java:567)
	at org.testng.internal.MethodInvocationHelper.invokeMethod(MethodInvocationHelper.java:133)
	at org.testng.internal.TestInvoker.invokeMethod(TestInvoker.java:584)
	at org.testng.internal.TestInvoker.invokeTestMethod(TestInvoker.java:172)
	at org.testng.internal.MethodRunner.runInSequence(MethodRunner.java:46)
	at org.testng.internal.TestInvoker$MethodInvocationAgent.invoke(TestInvoker.java:804)
	at org.testng.internal.TestInvoker.invokeTestMethods(TestInvoker.java:145)
	at org.testng.internal.TestMethodWorker.invokeTestMethods(TestMethodWorker.java:146)
	at org.testng.internal.TestMethodWorker.run(TestMethodWorker.java:128)
	at java.base/java.util.concurrent.ThreadPoolExecutor.runWorker(ThreadPoolExecutor.java:1128)
	at java.base/java.util.concurrent.ThreadPoolExecutor$Worker.run(ThreadPoolExecutor.java:628)
	at java.base/java.lang.Thread.run(Thread.java:830)
</pre></div></td>
<td>0</td>
<td>online_tusur.unit_online_tusur.StudentTestNG@d4342c2</td></tr>
<tr>
<td title='online_tusur.unit_online_tusur.StudentTestNG.test_Name_N()'><b>test_Name_N</b><br>Test class: online_tusur.unit_online_tusur.StudentTestNG<br>Parameters: null, null, null, null</td>
<td><div><pre>java.lang.NullPointerException
	at online_tusur.unit_online_tusur.Student.setFirstName(Student.java:26)
	at online_tusur.unit_online_tusur.StudentTestNG.test_Name_N(StudentTestNG.java:86)
	at java.base/java.util.concurrent.ThreadPoolExecutor.runWorker(ThreadPoolExecutor.java:1128)
	at java.base/java.util.concurrent.ThreadPoolExecutor$Worker.run(ThreadPoolExecutor.java:628)
	at java.base/java.lang.Thread.run(Thread.java:830)
... Removed 12 stack frames</pre></div><a href='#' onClick='toggleBox("stack-trace1187759017", this, "Click to show all stack frames", "Click to hide stack frames")'>Click to show all stack frames</a>
<div class='stack-trace' id='stack-trace1187759017'><pre>java.lang.NullPointerException
	at online_tusur.unit_online_tusur.Student.setFirstName(Student.java:26)
	at online_tusur.unit_online_tusur.StudentTestNG.test_Name_N(StudentTestNG.java:86)
	at java.base/jdk.internal.reflect.NativeMethodAccessorImpl.invoke0(Native Method)
	at java.base/jdk.internal.reflect.NativeMethodAccessorImpl.invoke(NativeMethodAccessorImpl.java:62)
	at java.base/jdk.internal.reflect.DelegatingMethodAccessorImpl.invoke(DelegatingMethodAccessorImpl.java:43)
	at java.base/java.lang.reflect.Method.invoke(Method.java:567)
	at org.testng.internal.MethodInvocationHelper.invokeMethod(MethodInvocationHelper.java:133)
	at org.testng.internal.TestInvoker.invokeMethod(TestInvoker.java:584)
	at org.testng.internal.TestInvoker.invokeTestMethod(TestInvoker.java:172)
	at org.testng.internal.MethodRunner.runInSequence(MethodRunner.java:46)
	at org.testng.internal.TestInvoker$MethodInvocationAgent.invoke(TestInvoker.java:804)
	at org.testng.internal.TestInvoker.invokeTestMethods(TestInvoker.java:145)
	at org.testng.internal.TestMethodWorker.invokeTestMethods(TestMethodWorker.java:146)
	at org.testng.internal.TestMethodWorker.run(TestMethodWorker.java:128)
	at java.base/java.util.concurrent.ThreadPoolExecutor.runWorker(ThreadPoolExecutor.java:1128)
	at java.base/java.util.concurrent.ThreadPoolExecutor$Worker.run(ThreadPoolExecutor.java:628)
	at java.base/java.lang.Thread.run(Thread.java:830)
</pre></div></td>
<td>0</td>
<td>online_tusur.unit_online_tusur.StudentTestNG@d4342c2</td></tr>
</table><p>
<table width='100%' border='1' class='invocation-passed'>
<tr><td colspan='4' align='center'><b>PASSED TESTS</b></td></tr>
<tr><td><b>Test method</b></td>
<td width="30%"><b>Exception</b></td>
<td width="10%"><b>Time (seconds)</b></td>
<td><b>Instance</b></td>
</tr>
<tr>
<td title='online_tusur.unit_online_tusur.StudentTestNG.StudentProviderTest()'><b>StudentProviderTest</b><br>Test class: online_tusur.unit_online_tusur.StudentTestNG<br>Parameters: online_tusur.unit_online_tusur.Student@99d867d</td>
<td></td>
<td>0</td>
<td>online_tusur.unit_online_tusur.StudentTestNG@d4342c2</td></tr>
<tr>
<td title='online_tusur.unit_online_tusur.StudentTestNG.StudentProviderTest()'><b>StudentProviderTest</b><br>Test class: online_tusur.unit_online_tusur.StudentTestNG<br>Parameters: online_tusur.unit_online_tusur.Student@3451a0c0</td>
<td></td>
<td>0</td>
<td>online_tusur.unit_online_tusur.StudentTestNG@d4342c2</td></tr>
<tr>
<td title='online_tusur.unit_online_tusur.NewTest_F$TestFactory.testPow()'><b>testPow</b><br>Test class: online_tusur.unit_online_tusur.NewTest_F$TestFactory</td>
<td></td>
<td>0</td>
<td>online_tusur.unit_online_tusur.NewTest_F$TestFactory@14d3bc22</td></tr>
<tr>
<td title='online_tusur.unit_online_tusur.NewTest_F$TestFactory.testPow()'><b>testPow</b><br>Test class: online_tusur.unit_online_tusur.NewTest_F$TestFactory</td>
<td></td>
<td>0</td>
<td>online_tusur.unit_online_tusur.NewTest_F$TestFactory@11a9e7c8</td></tr>
<tr>
<td title='online_tusur.unit_online_tusur.NewTest_F$TestFactory.testPow()'><b>testPow</b><br>Test class: online_tusur.unit_online_tusur.NewTest_F$TestFactory</td>
<td></td>
<td>0</td>
<td>online_tusur.unit_online_tusur.NewTest_F$TestFactory@12d4bf7e</td></tr>
<tr>
<td title='online_tusur.unit_online_tusur.NewTest_F$TestFactory.testPow()'><b>testPow</b><br>Test class: online_tusur.unit_online_tusur.NewTest_F$TestFactory</td>
<td></td>
<td>0</td>
<td>online_tusur.unit_online_tusur.NewTest_F$TestFactory@3901d134</td></tr>
<tr>
<td title='online_tusur.unit_online_tusur.StudentTestNG.test_Age_P()'><b>test_Age_P</b><br>Test class: online_tusur.unit_online_tusur.StudentTestNG<br>Parameters: 18, 18</td>
<td></td>
<td>0</td>
<td>online_tusur.unit_online_tusur.StudentTestNG@d4342c2</td></tr>
<tr>
<td title='online_tusur.unit_online_tusur.StudentTestNG.test_Age_P()'><b>test_Age_P</b><br>Test class: online_tusur.unit_online_tusur.StudentTestNG<br>Parameters: 0, 18</td>
<td></td>
<td>0</td>
<td>online_tusur.unit_online_tusur.StudentTestNG@d4342c2</td></tr>
<tr>
<td title='online_tusur.unit_online_tusur.StudentTestNG.test_Age_P()'><b>test_Age_P</b><br>Test class: online_tusur.unit_online_tusur.StudentTestNG<br>Parameters: 2147483647, 18</td>
<td></td>
<td>0</td>
<td>online_tusur.unit_online_tusur.StudentTestNG@d4342c2</td></tr>
<tr>
<td title='online_tusur.unit_online_tusur.StudentTestNG.test_Age_P()'><b>test_Age_P</b><br>Test class: online_tusur.unit_online_tusur.StudentTestNG<br>Parameters: -2147483648, 18</td>
<td></td>
<td>0</td>
<td>online_tusur.unit_online_tusur.StudentTestNG@d4342c2</td></tr>
<tr>
<td title='online_tusur.unit_online_tusur.StudentTestNG.test_FullName_N()'><b>test_FullName_N</b><br>Test class: online_tusur.unit_online_tusur.StudentTestNG<br>Parameters: 12345, Ivanov, Ivanov, 12345</td>
<td></td>
<td>0</td>
<td>online_tusur.unit_online_tusur.StudentTestNG@d4342c2</td></tr>
<tr>
<td title='online_tusur.unit_online_tusur.StudentTestNG.test_FullName_N()'><b>test_FullName_N</b><br>Test class: online_tusur.unit_online_tusur.StudentTestNG<br>Parameters: \%.+*?>;, Ivanov, Ivanov, \%.+*?>;</td>
<td></td>
<td>0</td>
<td>online_tusur.unit_online_tusur.StudentTestNG@d4342c2</td></tr>
<tr>
<td title='online_tusur.unit_online_tusur.StudentTestNG.test_FullName_N()'><b>test_FullName_N</b><br>Test class: online_tusur.unit_online_tusur.StudentTestNG<br>Parameters: U, Ivanov, Ivanov, U</td>
<td></td>
<td>0</td>
<td>online_tusur.unit_online_tusur.StudentTestNG@d4342c2</td></tr>
<tr>
<td title='online_tusur.unit_online_tusur.StudentTestNG.test_FullName_N()'><b>test_FullName_N</b><br>Test class: online_tusur.unit_online_tusur.StudentTestNG<br>Parameters: u, Ivanov, Ivanov, U</td>
<td></td>
<td>0</td>
<td>online_tusur.unit_online_tusur.StudentTestNG@d4342c2</td></tr>
<tr>
<td title='online_tusur.unit_online_tusur.StudentTestNG.test_FullName_N()'><b>test_FullName_N</b><br>Test class: online_tusur.unit_online_tusur.StudentTestNG<br>Parameters: Ivan, 12345, 12345, Ivan</td>
<td></td>
<td>0</td>
<td>online_tusur.unit_online_tusur.StudentTestNG@d4342c2</td></tr>
<tr>
<td title='online_tusur.unit_online_tusur.StudentTestNG.test_FullName_N()'><b>test_FullName_N</b><br>Test class: online_tusur.unit_online_tusur.StudentTestNG<br>Parameters: Ivan, \%.+*?>;, \%.+*?>;, Ivan</td>
<td></td>
<td>0</td>
<td>online_tusur.unit_online_tusur.StudentTestNG@d4342c2</td></tr>
<tr>
<td title='online_tusur.unit_online_tusur.StudentTestNG.test_FullName_N()'><b>test_FullName_N</b><br>Test class: online_tusur.unit_online_tusur.StudentTestNG<br>Parameters: Ivan, U, U, Ivan</td>
<td></td>
<td>0</td>
<td>online_tusur.unit_online_tusur.StudentTestNG@d4342c2</td></tr>
<tr>
<td title='online_tusur.unit_online_tusur.StudentTestNG.test_FullName_P()'><b>test_FullName_P</b><br>Test class: online_tusur.unit_online_tusur.StudentTestNG<br>Parameters: Иван, Иванов, Иванов, Иван</td>
<td></td>
<td>0</td>
<td>online_tusur.unit_online_tusur.StudentTestNG@d4342c2</td></tr>
<tr>
<td title='online_tusur.unit_online_tusur.StudentTestNG.test_FullName_P()'><b>test_FullName_P</b><br>Test class: online_tusur.unit_online_tusur.StudentTestNG<br>Parameters: ivan, ivanov, Ivanov, Ivan</td>
<td></td>
<td>0</td>
<td>online_tusur.unit_online_tusur.StudentTestNG@d4342c2</td></tr>
<tr>
<td title='online_tusur.unit_online_tusur.StudentTestNG.test_FullName_P()'><b>test_FullName_P</b><br>Test class: online_tusur.unit_online_tusur.StudentTestNG<br>Parameters: IVAN, IVANOV, Ivanov, Ivan</td>
<td></td>
<td>0</td>
<td>online_tusur.unit_online_tusur.StudentTestNG@d4342c2</td></tr>
<tr>
<td title='online_tusur.unit_online_tusur.StudentTestNG.test_FullName_P()'><b>test_FullName_P</b><br>Test class: online_tusur.unit_online_tusur.StudentTestNG<br>Parameters: iVaN, iVaNoV, Ivanov, Ivan</td>
<td></td>
<td>0</td>
<td>online_tusur.unit_online_tusur.StudentTestNG@d4342c2</td></tr>
<tr>
<td title='online_tusur.unit_online_tusur.StudentTestNG.test_Name_N()'><b>test_Name_N</b><br>Test class: online_tusur.unit_online_tusur.StudentTestNG<br>Parameters: 12345, Ivanov, Ivanov, 12345</td>
<td></td>
<td>0</td>
<td>online_tusur.unit_online_tusur.StudentTestNG@d4342c2</td></tr>
<tr>
<td title='online_tusur.unit_online_tusur.StudentTestNG.test_Name_N()'><b>test_Name_N</b><br>Test class: online_tusur.unit_online_tusur.StudentTestNG<br>Parameters: \%.+*?>;, Ivanov, Ivanov, \%.+*?>;</td>
<td></td>
<td>0</td>
<td>online_tusur.unit_online_tusur.StudentTestNG@d4342c2</td></tr>
<tr>
<td title='online_tusur.unit_online_tusur.StudentTestNG.test_Name_N()'><b>test_Name_N</b><br>Test class: online_tusur.unit_online_tusur.StudentTestNG<br>Parameters: U, Ivanov, Ivanov, U</td>
<td></td>
<td>0</td>
<td>online_tusur.unit_online_tusur.StudentTestNG@d4342c2</td></tr>
<tr>
<td title='online_tusur.unit_online_tusur.StudentTestNG.test_Name_N()'><b>test_Name_N</b><br>Test class: online_tusur.unit_online_tusur.StudentTestNG<br>Parameters: u, Ivanov, Ivanov, U</td>
<td></td>
<td>0</td>
<td>online_tusur.unit_online_tusur.StudentTestNG@d4342c2</td></tr>
<tr>
<td title='online_tusur.unit_online_tusur.StudentTestNG.test_Name_N()'><b>test_Name_N</b><br>Test class: online_tusur.unit_online_tusur.StudentTestNG<br>Parameters: Ivan, 12345, 12345, Ivan</td>
<td></td>
<td>0</td>
<td>online_tusur.unit_online_tusur.StudentTestNG@d4342c2</td></tr>
<tr>
<td title='online_tusur.unit_online_tusur.StudentTestNG.test_Name_N()'><b>test_Name_N</b><br>Test class: online_tusur.unit_online_tusur.StudentTestNG<br>Parameters: Ivan, \%.+*?>;, \%.+*?>;, Ivan</td>
<td></td>
<td>0</td>
<td>online_tusur.unit_online_tusur.StudentTestNG@d4342c2</td></tr>
<tr>
<td title='online_tusur.unit_online_tusur.StudentTestNG.test_Name_N()'><b>test_Name_N</b><br>Test class: online_tusur.unit_online_tusur.StudentTestNG<br>Parameters: Ivan, U, U, Ivan</td>
<td></td>
<td>0</td>
<td>online_tusur.unit_online_tusur.StudentTestNG@d4342c2</td></tr>
<tr>
<td title='online_tusur.unit_online_tusur.StudentTestNG.test_Name_P()'><b>test_Name_P</b><br>Test class: online_tusur.unit_online_tusur.StudentTestNG<br>Parameters: Иван, Иванов, Иванов, Иван</td>
<td></td>
<td>0</td>
<td>online_tusur.unit_online_tusur.StudentTestNG@d4342c2</td></tr>
<tr>
<td title='online_tusur.unit_online_tusur.StudentTestNG.test_Name_P()'><b>test_Name_P</b><br>Test class: online_tusur.unit_online_tusur.StudentTestNG<br>Parameters: ivan, ivanov, Ivanov, Ivan</td>
<td></td>
<td>0</td>
<td>online_tusur.unit_online_tusur.StudentTestNG@d4342c2</td></tr>
<tr>
<td title='online_tusur.unit_online_tusur.StudentTestNG.test_Name_P()'><b>test_Name_P</b><br>Test class: online_tusur.unit_online_tusur.StudentTestNG<br>Parameters: IVAN, IVANOV, Ivanov, Ivan</td>
<td></td>
<td>0</td>
<td>online_tusur.unit_online_tusur.StudentTestNG@d4342c2</td></tr>
<tr>
<td title='online_tusur.unit_online_tusur.StudentTestNG.test_Name_P()'><b>test_Name_P</b><br>Test class: online_tusur.unit_online_tusur.StudentTestNG<br>Parameters: iVaN, iVaNoV, Ivanov, Ivan</td>
<td></td>
<td>0</td>
<td>online_tusur.unit_online_tusur.StudentTestNG@d4342c2</td></tr>
</table><p>
</body>
</html>